TN:
SF:src\yose\__init__.py
DA:6,0,OsPalNgmVbuQElZoFUPcAw
DA:7,0,f6ikXmYm6y7zaVoGI4KEPQ
DA:10,0,3ADLq4J/TImiKik8sjY59Q
LF:3
LH:0
end_of_record
TN:
SF:src\yose\main.py
DA:1,0,y0EdtUA1m2c0Z1f8RoGcRQ
DA:2,0,mUDsnWRiqW9R9nTILGKIZg
DA:3,0,GusTQ8rnslKGIeoIX1fGdQ
DA:5,0,jkHhMsABSAn8fG2ZAQpm1g
DA:6,0,n/Bn8OsypyQXJHcvg/Edqw
DA:7,0,Ad03eOLt8mFBla2vR/W9Zg
DA:9,0,Gre3YQyhd12ZgSVL7P1XcQ
DA:18,0,CsU70vNo1dqqMl1d26u/yw
DA:29,0,6TpZJtqneRQsdQUKC+b/oQ
DA:31,0,PjVtKObFty3Y+UZZzfVcDA
DA:34,0,bAuiyiIvo9IpawhQBCOD6Q
DA:35,0,f0dn8jKw7170S2RjB0XPeQ
DA:36,0,4ZDiyhB8xobUhUbb78Ux6Q
DA:39,0,MY6PWJAZ356zr23s8kUo5Q
DA:40,0,OCuWzZBmmtzILmFMvM46kw
DA:41,0,3hICR39YGrq8sY1GrG6PUA
DA:44,0,AZDbru7iTrMHsPfmY27MJw
DA:45,0,0JgQMhLbxrfK0GVwpzOLZg
DA:46,0,Kn5vJjwQSl1OfMMJTvpE6A
DA:49,0,WwpVxtrra5/nOL/q/4rAxA
DA:50,0,cVoNrJaBk2RU+InM/QkfUg
DA:51,0,vK3wB6UmHOLJhOe1bovcOQ
DA:54,0,LxWsCC8SR6VMp/c5NaF9bw
DA:55,0,pbmmoJ4vn2XSIfPGv1pGAw
DA:56,0,IqlCIqL/LP3/P3z1oRhigA
DA:59,0,ScnoEJXvI8S8pUgnAyoCFQ
DA:60,0,9ahxK/UJ7TbZRF8Q1p3XfQ
DA:61,0,4qw47R+mdDEaGAfBox/04g
DA:64,0,2+bp1lx4BNZDoEGb7dDw/w
DA:65,0,G4g3BmVJtpaUaE1Ed2gQCQ
DA:66,0,1KBWP2icIgTpHah8eMKnVw
DA:69,0,SnkgB2aOMhb2wtcBiuuAfQ
DA:70,0,ld9Ynye5UiIY8EoOMYHxLA
DA:71,0,7fOS5eh8tFhszMCGxzaBtw
DA:74,0,R0mtcOH/W2hkH0sU/f3ung
DA:75,0,sAe4DQmMk15xrcgInxjjyg
DA:76,0,Qq/pCeZhbb4Nfr1V16myMg
DA:79,0,npFFyvoSKgGsPJbrUAijVw
DA:80,0,nTEXnSUAMr9QrnmuQPMDsA
DA:81,0,Viye1iwM4SrJPURMD9kZJA
DA:84,0,cA36JT9yQNWYOYO/a8+9UA
DA:85,0,EZ0RPCc7WSEIJhF0rFZ0vw
DA:86,0,wcF2or98OcNEPTrJPo8OjA
DA:89,0,dXDig2nDWhfAwtbbPLrGtQ
DA:90,0,tPsk/5Mx5iRSaWP+a/XaPg
DA:91,0,2qoN0s4I8FSrKgT7AMEe3w
DA:94,0,UIcJFXqrbvkffbxKuMAPbA
DA:95,0,xRw+zNMWAIUefSlfhGD1LQ
DA:96,0,OcZeb3/pqWDL2hgGd+35GQ
DA:99,0,dFSejWUNnyWtmeCEsX/1CQ
DA:100,0,bGij/tHoDfyHvQmWmx832g
DA:101,0,XqftxLTjbmrvrydtOCWyhQ
DA:104,0,I1deTCAEnmRW89P+5JRyvQ
DA:105,0,dymHZu2R4yX2SSqqbYT5mw
DA:106,0,HA/LlQKVf0iUONxvkaUllg
DA:109,0,Jw9Aw7DR15LYpwMpjZrLGw
DA:110,0,NCGguMJk6vFtzwbrufOGqg
DA:111,0,8n3a88PzTh6XbwlEUXCR9A
DA:114,0,DXSQh30uoKYSoAlH/8Ujrg
DA:115,0,o6oOYEr2cjVOdVwcXq9TGw
DA:116,0,oS5xMWjiHK40xLcSY9+rlw
DA:119,0,ia1vHDO/8NDwdBNUHNAGPA
DA:120,0,NMjbuWg8OGf9waL5VZ871A
DA:121,0,FTRRmLe0oajYsy2DBSLAsw
DA:124,0,OeQSYl35fvlFFOsMGdumyw
DA:125,0,yaAdPNGJ2ZwMXHbFN2ZV7g
DA:126,0,6Xcbv5wvSma7/HGv1drX2w
DA:129,0,QqDlj5u0wvq/DNw49vBy9Q
DA:130,0,5HPPyB0stEIchczQbYGg5A
DA:131,0,CGUbLhTQ66sLV9F7YdbqPw
DA:134,0,owgo4mYsJk67vulGMN2E/Q
DA:135,0,jesQ0dgN12CFQWYuZ30Ipg
DA:136,0,Xwa4CwZIr45MbyZ7pCmK4g
DA:139,0,4rA0ZY8FtWYR5e4ibnV4Kw
DA:140,0,BHFzfCpl7ljAS5Z6DRGISw
DA:147,0,whWkHHt1/l3/ed4uutHTDw
DA:150,0,OlJ6ACRdHJD4fYbDLnpXEA
DA:151,0,hdzIE74askM+qKMVlmuvfg
DA:152,0,evOPoeRnvEEj6DKjkl92tg
DA:155,0,kic/4P/LNyg035wuIlUyZg
DA:160,0,HBwCXTZ1wlAg7ZtrNgw4fA
DA:161,0,9BJpRKH0NRCfB+B2Ti9VZQ
DA:162,0,paLYNNY3AT5VR5FY7BfpMQ
DA:163,0,U430QV/GCgJ62a/CG2FrfA
DA:164,0,W7JxthRQ7Q2+iU1u8Hj2Rg
DA:166,0,60+CKLPDMBsH3SvJML6NMA
DA:168,0,Nm+iP2aURafrUCVARajdYw
DA:169,0,MTg7yt1nrTb0pbDyqGC8lA
DA:172,0,Z8Ys5ekacln0mUaV0AkWVw
DA:174,0,G6CfmBP3AxPF9MkkPG7MZw
DA:175,0,wtJgCNzFF81Jfz9ZDnFGDQ
DA:176,0,MnzpXe1veqpfA7nIMRo0OA
DA:177,0,nBFX7vi6q5HyAoigm91rWQ
DA:178,0,ls3kVrZlkpNcqZ8gJ/KtqA
DA:179,0,NMEgaVVzJQ3J1ucUjXMp9w
DA:180,0,/iFtkB7M6VJJ9UH9KWvYwQ
DA:181,0,/sQMyLxrTyq+DKjZrc8hHg
DA:182,0,WYafOk8T5/42SxcuihrYfw
DA:183,0,o1M0ttaL7JMX59uxtwbhNg
DA:185,0,A1mlTHqWBUkYAzE56oVBHQ
DA:186,0,t5nHXz3mvvvE0O1jZPBcVQ
DA:187,0,eLn4bTzkA/ACEoYQSY5BGg
DA:190,0,+jXM6b5alqfP1J2VZJze7w
DA:191,0,P99+LEhug2Oejnrsmbuz6Q
DA:192,0,tofUQRCKY2o49o+Bd+cLsw
DA:193,0,TXWu/W8aAGQlf5vSW3dTzA
DA:195,0,E71JRqGcHcXqyeQ0r4GQNA
DA:198,0,bAFi3G7M1m1qQDXwLKMPFg
DA:199,0,T0os450z/Q40dHgkdE/U9w
DA:200,0,vFbjoZdzxsRTN7rR3ecTAA
DA:201,0,mVIUA+V3nCXgYel9q9ikHg
DA:202,0,/6kR/iWdGhAsuuxdC3be+A
DA:203,0,gXT2AhSC4Dxs0sdNfxT74g
DA:205,0,JDlLTNAswLa8JEPVypLo1g
DA:207,0,vTg0uwr8/4cZJtpxeOm10w
DA:215,0,oYZqqqNCY5ZQQhg85mknNQ
DA:216,0,bQkT5o9dLKDoov+y0+Nh6g
DA:219,0,HUgF+C4kcbFp/f1HTHRgOw
DA:220,0,k1NwJRK5sv54CdEZA2SwIA
DA:228,0,oOneLYY+PP+ilyPJjqGPhg
DA:229,0,7JwbYoOsUAUfcQxxQEPKmw
DA:231,0,6SabXQW3OPCkjhCImBe//A
DA:245,0,/VJPnW7Jp0Te3yVLRipyWA
DA:254,0,zdfnbmpnExyGXK3KC5Ei4w
DA:257,0,5OQ72TnSVt4BhB2S7kxcpg
DA:260,0,6Wh7wl/YHf6I1Hbg9DrLPg
DA:264,0,h3xYX3CMqzl6rFXhWQoS0w
DA:265,0,7JwbYoOsUAUfcQxxQEPKmw
DA:267,0,HUgF+C4kcbFp/f1HTHRgOw
DA:268,0,/VJPnW7Jp0Te3yVLRipyWA
DA:276,0,/VJPnW7Jp0Te3yVLRipyWA
DA:284,0,/VJPnW7Jp0Te3yVLRipyWA
DA:292,0,/VJPnW7Jp0Te3yVLRipyWA
DA:301,0,EA5mPi0i7hOlJERzwOjw3A
DA:304,0,HoExdplr6yuoV+zk22BZZA
DA:307,0,vFbjoZdzxsRTN7rR3ecTAA
DA:312,0,B7nnCerIoEzrbY2aEQXbMQ
DA:316,0,/6kR/iWdGhAsuuxdC3be+A
DA:317,0,gXT2AhSC4Dxs0sdNfxT74g
DA:319,0,vTg0uwr8/4cZJtpxeOm10w
DA:328,0,k8ZJx0J+miwHGHEOz+HI4g
DA:329,0,YApyTygJq3r+El9FibVQ+g
DA:330,0,2kU0fezcFjNp6RxGYHLQsA
DA:333,0,WMdD/mWUTunauqUJpc7WUg
DA:334,0,VtjU5WzoizBm7+C0M9AIxA
DA:335,0,b5Q/x9iiStJ49H7hi6et5g
DA:338,0,jfPtPMJ2UJO9TgbVMUqKDA
DA:339,0,uGUl/8ln5/u2N7ovgzVIXQ
DA:340,0,dt92PsE4cn6nkVKdEihLBA
DA:342,0,fXJnDreGYbzS/paTZJEFtg
DA:343,0,OE8eRRm/sqKFhVoGE0th2g
DA:345,0,9TIkpNJ1e8a0kWR4JAScrA
DA:352,0,AV3+2lH6bBwt9R0O8INSkw
DA:353,0,ly3YHejf+WxBJPpv81KF8w
DA:371,0,Tc2AN8dfSM96iXYyocOd8A
DA:376,0,MG9+MiIhHrGmn/Y7m0eRXg
DA:377,0,uGUl/8ln5/u2N7ovgzVIXQ
DA:378,0,dt92PsE4cn6nkVKdEihLBA
DA:380,0,fXJnDreGYbzS/paTZJEFtg
DA:381,0,OE8eRRm/sqKFhVoGE0th2g
DA:383,0,9TIkpNJ1e8a0kWR4JAScrA
DA:389,0,+rLgstIb2du9G7Lyl4sTPg
DA:392,0,ly3YHejf+WxBJPpv81KF8w
DA:394,0,PXb+O2pMO14gabOaishllw
DA:398,0,QBcT/HBChSPKXDQ2Ajdq7g
DA:404,0,QBcT/HBChSPKXDQ2Ajdq7g
DA:410,0,QBcT/HBChSPKXDQ2Ajdq7g
DA:415,0,ly3YHejf+WxBJPpv81KF8w
DA:417,0,XY7HZLtLcxC9Uw9saB31CQ
DA:420,0,QBcT/HBChSPKXDQ2Ajdq7g
DA:426,0,QBcT/HBChSPKXDQ2Ajdq7g
DA:432,0,QBcT/HBChSPKXDQ2Ajdq7g
DA:438,0,QBcT/HBChSPKXDQ2Ajdq7g
DA:444,0,QBcT/HBChSPKXDQ2Ajdq7g
DA:450,0,ly3YHejf+WxBJPpv81KF8w
DA:452,0,M6gob16gNIVbL+3OiFNNmg
DA:455,0,QBcT/HBChSPKXDQ2Ajdq7g
DA:461,0,QBcT/HBChSPKXDQ2Ajdq7g
DA:467,0,QBcT/HBChSPKXDQ2Ajdq7g
DA:473,0,QBcT/HBChSPKXDQ2Ajdq7g
DA:479,0,ly3YHejf+WxBJPpv81KF8w
DA:481,0,8Pe4RZa6UYi5S+Zw6u2DwA
DA:484,0,QBcT/HBChSPKXDQ2Ajdq7g
DA:490,0,QBcT/HBChSPKXDQ2Ajdq7g
DA:496,0,QBcT/HBChSPKXDQ2Ajdq7g
DA:502,0,QBcT/HBChSPKXDQ2Ajdq7g
DA:508,0,ly3YHejf+WxBJPpv81KF8w
DA:510,0,+2qzVUoDJ5jK/ErU5A5sOg
DA:513,0,QBcT/HBChSPKXDQ2Ajdq7g
DA:519,0,QBcT/HBChSPKXDQ2Ajdq7g
DA:525,0,QBcT/HBChSPKXDQ2Ajdq7g
DA:531,0,my0wyaDp2ruNVRq4OV+iWg
DA:534,0,ek86+pmFKfb0d3DBScbxww
DA:535,0,rFZBcRZQ8CD8b+dV98F5TA
DA:536,0,fcoSr8mctNB8h2SfVdogHw
DA:541,0,plNpdDIWOyHucOeRzoMzLQ
DA:544,0,EXOJL4Jn+Awy6fUsBnKnAQ
DA:545,0,r7z7yVKXafFAA/QQVHh1dg
DA:553,0,QBcT/HBChSPKXDQ2Ajdq7g
DA:561,0,QBcT/HBChSPKXDQ2Ajdq7g
DA:569,0,QBcT/HBChSPKXDQ2Ajdq7g
DA:577,0,QBcT/HBChSPKXDQ2Ajdq7g
DA:586,0,I3YQ/9iKsHVRfa7GHR2Qjw
DA:587,0,kjMZ69y5zdWjCVo1UhoSNA
DA:589,0,QBcT/HBChSPKXDQ2Ajdq7g
DA:598,0,gybyFaaVRfjpeX/3vEM5Zw
DA:601,0,WdbKGtOG81dTTVQc/gxZtg
DA:604,0,jYUoTzyYzw1T1230RfnWJg
DA:608,0,sVl8YaXLNdABirmIrpcHRg
DA:612,0,2dKJmOF2Oy7RZY+6JnqZDQ
DA:622,0,5ZIlFd5fdxnedGT4C1PLQw
DA:624,0,6j26oK9P1vUKKQ9bohNo+g
DA:625,0,r+0RhiBaZKG4g2j5/TcUCQ
DA:627,0,ubBWpiTb2KXqk6IK+QkJag
DA:628,0,T6iS+TXTivNwsa+CL8aLRg
DA:630,0,smvTXEWos+GnTTjCEje4BA
DA:632,0,UMhFQrOAWc4rrVtXn3BWuA
LF:217
LH:0
end_of_record
TN:
SF:src\yose\utils.py
DA:1,0,lk159C5+Vrf/29kBg7HJGA
DA:2,0,7Z9Lj4ed27Wf2hBX6jooEA
DA:4,0,z6bIaysPF/9rLtf3jmeLkw
DA:5,0,86gPkNdd2gG9QAQyBXojew
DA:6,0,3zuSyJYkBqxEHXVdeyasSw
DA:8,0,C4R6JHVHyFFZY9MesjM/ew
DA:9,0,83rcjfM/LN/d7wWtqbuQdg
DA:11,0,vhrC85qbwLHQy7yN2Qp3NA
DA:12,0,1Vtr5YDv3euGY6lW3iHsMQ
DA:14,0,RGuIIZp3+hAO1epFylM5sw
DA:16,0,3lVX60F0se4blol2/iqSwg
DA:17,0,9wp1gvtSFXvtmmazOYy9vA
DA:20,0,vG88AisgHnIz9ZdG29YRnw
DA:39,0,DGRqlDBXVbac/uFZ1Y6lxw
DA:40,0,o3qR7eguiFSG0ZGjX4chCg
DA:41,0,C6d178qFcWyVQmZtxKN4EQ
DA:42,0,VxkYaYOXaQRoIdhFCExD2g
DA:43,0,43c4NEopn6hsSko+SbvM6Q
DA:45,0,peDJyBRJyKHE2NuveDhErw
DA:46,0,pb0txIPUKUzb2PH3kRTV/A
DA:47,0,76Ak6kVVvWy2GqxocJYoBQ
DA:51,0,c/ZyEt6qoGo357uCag86Pw
DA:52,0,TC6NM1MQxCrK0q/y0GUhvA
DA:54,0,HF9zQCBNZe+OjOXF+6tnDg
DA:55,0,PCM27ju9eRI7dE6M/gH0BQ
DA:58,0,yv0I9ij7z8gnrOSVf3rRVw
DA:68,0,Wf/ZZ3JoJQqE1P4vS7I/xw
DA:71,0,I6GpaQaxLvK2b0BiGCJVOA
DA:72,0,JSfHhLdib3AcdcWUUxPS8g
DA:73,0,eJ6zrxnLWn/k18a2vHOhRA
DA:75,0,W/g8GJDAYJkSSurt59Mzfw
DA:78,0,lFf6xpv8E+RCCsfTKqKdIw
DA:96,0,noReIk8lfSzh0SQUztWr7A
DA:97,0,Px/WVtlP6TR2WWWsz9g07Q
DA:100,0,Dh6vKAiyHVYY+m8TfDteRQ
DA:121,0,uwLvIBbnkMljOglEmwrgng
DA:122,0,Px/WVtlP6TR2WWWsz9g07Q
DA:125,0,eZi3Eaz5g1DeCPYHQxKCkw
DA:136,0,1ImUr8BRajrHevQXuNPnQQ
DA:139,0,QX8tLDDwn90S49AykOG4ow
DA:149,0,QaRzDTDZFHo7IBXNTYQ9dw
DA:150,0,++cKlfRVw7wvdouS9KDmcg
DA:152,0,4QosKuX3fG/zmuWv+yc4Sg
DA:153,0,Px/WVtlP6TR2WWWsz9g07Q
DA:156,0,WE4iiUe9pLYHn1ouUK8Cfw
DA:177,0,QaRzDTDZFHo7IBXNTYQ9dw
DA:178,0,++cKlfRVw7wvdouS9KDmcg
DA:180,0,s8w6QuCIDwtYQpPDVqStsQ
DA:182,0,Hh+TWC4MOGT6H73E2YCpwg
DA:183,0,+b5TXt45jwlFCLQjIUGzSg
DA:184,0,vhLW0DnXGfWB75G2BdJvHw
DA:204,0,pihiEHueOnSaBxY3GhaYxQ
DA:213,0,4CiYBz4helCLf+k6UK+msQ
DA:214,0,Hh+TWC4MOGT6H73E2YCpwg
DA:215,0,WEjBgFRk61ccEgi7FxMFrA
DA:216,0,vhLW0DnXGfWB75G2BdJvHw
DA:219,0,BTuNhOHAiBKdlPsa3MwNkQ
DA:220,0,4CiYBz4helCLf+k6UK+msQ
DA:221,0,Hh+TWC4MOGT6H73E2YCpwg
DA:222,0,2XvTB0g4vo229MKwbayPZA
DA:223,0,vhLW0DnXGfWB75G2BdJvHw
DA:226,0,sNbV3R0yVbMJkWa6Kg7ALQ
DA:239,0,4CiYBz4helCLf+k6UK+msQ
DA:240,0,EC5NLa+z+HlLVQhK757XVw
DA:242,0,ktfFU3WMyMeV+V46sOEnBQ
DA:244,0,1r6clL9kZPzD9JhLWAJsEg
DA:246,0,bzQQU7g+aQ+ryetlCtcpkA
DA:247,0,p2YjtKSSWX0jCPI/o6BNEg
DA:249,0,EYpWwiosflPZIlndDpAoeQ
DA:255,0,jZgJbXhD36qgDLSbUSnPrA
DA:256,0,4CiYBz4helCLf+k6UK+msQ
DA:258,0,tMmLUdzhh0FDG7gbdKKqCg
DA:259,0,pYDZp1eiZq+ATTQfT9gbog
DA:261,0,q3Hsxoi74S8EhDCavA5qaQ
DA:267,0,vAvH15DxdVJPP4H9sI9g+A
DA:274,0,UACyVs9h7gkqPKePCbTHyQ
DA:279,0,3CicYkUMKkVQewCPoxw1TA
DA:280,0,pqRrmlkOFGcO6TWXY/UXFg
DA:282,0,n/rPpDC42d7bfOsBv0mirg
DA:283,0,R2tX8xeOZm2UuTwttwpxDw
DA:285,0,kCMZ91UR8boZQ0J7/tJ6CQ
DA:287,0,Hh+TWC4MOGT6H73E2YCpwg
DA:288,0,LxEwlEFdSt9gQ48ti28RSg
DA:290,0,vhLW0DnXGfWB75G2BdJvHw
DA:293,0,IJYg0TtLNAZQ31mQcpMhsg
DA:305,0,1fQ+r4QJTJ9z/Y8caI11EQ
DA:306,0,tMmLUdzhh0FDG7gbdKKqCg
DA:307,0,pYDZp1eiZq+ATTQfT9gbog
DA:308,0,aHRVeUd+9JYcrENR7STtHA
DA:310,0,Jr/hM+x86YQ26Yk5eAth2g
DA:311,0,WbYHWJEbm79qr981xr41xA
DA:314,0,DpCPvYDWqTR4wmNTGfeECQ
LF:92
LH:0
end_of_record
